<?xml version="1.0" encoding="UTF-8"?>
<testng-results skipped="0" failed="0" ignored="0" total="1" passed="1">
  <reporter-output>
  </reporter-output>
  <suite name="Suite" duration-ms="11930" started-at="2017-12-10T04:53:34Z" finished-at="2017-12-10T04:53:46Z">
    <groups>
    </groups>
    <test name="Test" duration-ms="11930" started-at="2017-12-10T04:53:34Z" finished-at="2017-12-10T04:53:46Z">
      <class name="scripts.TestLogin">
        <test-method status="PASS" signature="openApplication()[pri:0, instance:scripts.TestLogin@548e7350]" name="openApplication" is-config="true" duration-ms="5742" started-at="2017-12-10T10:23:34Z" finished-at="2017-12-10T10:23:40Z">
          <reporter-output>
          </reporter-output>
        </test-method> <!-- openApplication -->
        <test-method status="PASS" signature="testLogin()[pri:0, instance:scripts.TestLogin@548e7350]" name="testLogin" duration-ms="5745" started-at="2017-12-10T10:23:40Z" finished-at="2017-12-10T10:23:46Z">
          <reporter-output>
          </reporter-output>
        </test-method> <!-- testLogin -->
        <test-method status="PASS" signature="closeApplication()[pri:0, instance:scripts.TestLogin@548e7350]" name="closeApplication" is-config="true" duration-ms="423" started-at="2017-12-10T10:23:46Z" finished-at="2017-12-10T10:23:46Z">
          <reporter-output>
          </reporter-output>
        </test-method> <!-- closeApplication -->
      </class> <!-- scripts.TestLogin -->
    </test> <!-- Test -->
  </suite> <!-- Suite -->
</testng-results>
